Using pre-set license
Built from '2021.1/staging' branch; Version is '2021.1.6f1 (c0fade0cc7e9) revision 12647134'; Using compiler version '192528614'; Build Type 'Release'
OS: 'Windows 10 Pro; OS build 19042.1165; Version 2009; 64bit' Language: 'en' Physical Memory: 16308 MB
BatchMode: 1, IsHumanControllingUs: 0, StartBugReporterOnCrash: 0, Is64bit: 1, IsPro: 0

 COMMAND LINE ARGUMENTS:
C:\Program Files\Unity\Hub\Editor\2021.1.6f1\Editor\Unity.exe
-adb2
-batchMode
-noUpm
-name
AssetImportWorker0
-projectPath
D:/Projects/Repositories/KenneyJam/KennyJam
-logFile
Logs/AssetImportWorker0.log
-srvPort
60169
Successfully changed project path to: D:/Projects/Repositories/KenneyJam/KennyJam
D:/Projects/Repositories/KenneyJam/KennyJam
Using Asset Import Pipeline V2.
Refreshing native plugins compatible for Editor in 82.64 ms, found 1 plugins.
Preloading 0 native plugins for Editor in 0.00 ms.
Initialize engine version: 2021.1.6f1 (c0fade0cc7e9)
[Subsystems] Discovering subsystems at path C:/Program Files/Unity/Hub/Editor/2021.1.6f1/Editor/Data/Resources/UnitySubsystems
[Subsystems] Discovering subsystems at path D:/Projects/Repositories/KenneyJam/KennyJam/Assets
GfxDevice: creating device client; threaded=0; jobified=0
Direct3D:
    Version:  Direct3D 11.0 [level 11.1]
    Renderer: NVIDIA GeForce GTX 1080 Ti (ID=0x1b06)
    Vendor:   NVIDIA
    VRAM:     11127 MB
    Driver:   27.21.14.6647
Initialize mono
Mono path[0] = 'C:/Program Files/Unity/Hub/Editor/2021.1.6f1/Editor/Data/Managed'
Mono path[1] = 'C:/Program Files/Unity/Hub/Editor/2021.1.6f1/Editor/Data/MonoBleedingEdge/lib/mono/unityjit'
Mono config path = 'C:/Program Files/Unity/Hub/Editor/2021.1.6f1/Editor/Data/MonoBleedingEdge/etc'
Using monoOptions --debugger-agent=transport=dt_socket,embedding=1,server=y,suspend=n,address=127.0.0.1:56936
Begin MonoManager ReloadAssembly
Registering precompiled unity dll's ...
Register platform support module: C:/Program Files/Unity/Hub/Editor/2021.1.6f1/Editor/Data/PlaybackEngines/WindowsStandaloneSupport/UnityEditor.WindowsStandalone.Extensions.dll
Registered in 0.001604 seconds.
Native extension for WindowsStandalone target not found
Refreshing native plugins compatible for Editor in 82.27 ms, found 1 plugins.
Preloading 0 native plugins for Editor in 0.00 ms.
Mono: successfully reloaded assembly
- Completed reload, in  1.089 seconds
Platform modules already initialized, skipping
Registering precompiled user dll's ...
Registered in 0.002557 seconds.
Begin MonoManager ReloadAssembly
Native extension for WindowsStandalone target not found
Refreshing native plugins compatible for Editor in 83.81 ms, found 1 plugins.
Preloading 0 native plugins for Editor in 0.00 ms.
Mono: successfully reloaded assembly
- Completed reload, in  0.965 seconds
Platform modules already initialized, skipping
========================================================================
Worker process is ready to serve import requests
Shader 'Universal Render Pipeline/Particles/Lit': fallback shader 'Universal Render Pipeline/Particles/SimpleLit' not found
Shader 'Universal Render Pipeline/Particles/Lit': fallback shader 'Universal Render Pipeline/Particles/SimpleLit' not found
Launched and connected shader compiler UnityShaderCompiler.exe after 0.04 seconds
Refreshing native plugins compatible for Editor in 0.72 ms, found 1 plugins.
Preloading 0 native plugins for Editor in 0.00 ms.
Unloading 4015 Unused Serialized files (Serialized files now loaded: 0)
System memory in use before: 158.8 MB.
System memory in use after: 156.1 MB.

Unloading 50 unused Assets to reduce memory usage. Loaded Objects now: 4434.
Total: 3.606400 ms (FindLiveObjects: 0.294000 ms CreateObjectMapping: 0.218400 ms MarkObjects: 1.780600 ms  DeleteObjects: 1.312200 ms)

========================================================================
Received Import Request.
  path: Assets/Thirdparty
  artifactKey: Guid(e307a2d30fdbb1a4398bd8082c42cd73) Importer(815301076,1909f56bfc062723c751e8b465ee728b)
Start importing Assets/Thirdparty using Guid(e307a2d30fdbb1a4398bd8082c42cd73) Importer(815301076,1909f56bfc062723c751e8b465ee728b)  -> (artifact id: 'e3f04482253bd063bd26bde17de86dfe') in 0.010285 seconds 
========================================================================
Received Import Request.
  Time since last request: 364.071086 seconds.
  path: Assets/Thirdparty/BioIK
  artifactKey: Guid(78ecc21bcc159124f95a7285b889d986) Importer(815301076,1909f56bfc062723c751e8b465ee728b)
Start importing Assets/Thirdparty/BioIK using Guid(78ecc21bcc159124f95a7285b889d986) Importer(815301076,1909f56bfc062723c751e8b465ee728b)  -> (artifact id: '6195d44f613234d0012825a659a6587d') in 0.008101 seconds 
========================================================================
Received Prepare
Registering precompiled user dll's ...
Registered in 0.002719 seconds.
Begin MonoManager ReloadAssembly
Native extension for WindowsStandalone target not found
Refreshing native plugins compatible for Editor in 0.62 ms, found 1 plugins.
Preloading 0 native plugins for Editor in 0.00 ms.
Mono: successfully reloaded assembly
- Completed reload, in  0.758 seconds
Platform modules already initialized, skipping
Shader 'Universal Render Pipeline/Particles/Lit': fallback shader 'Universal Render Pipeline/Particles/SimpleLit' not found
Shader 'Universal Render Pipeline/Particles/Lit': fallback shader 'Universal Render Pipeline/Particles/SimpleLit' not found
Refreshing native plugins compatible for Editor in 0.62 ms, found 1 plugins.
Preloading 0 native plugins for Editor in 0.00 ms.
Unloading 3942 Unused Serialized files (Serialized files now loaded: 0)
System memory in use before: 155.3 MB.
System memory in use after: 152.6 MB.

Unloading 45 unused Assets to reduce memory usage. Loaded Objects now: 4437.
Total: 2.736700 ms (FindLiveObjects: 0.259600 ms CreateObjectMapping: 0.175100 ms MarkObjects: 1.374800 ms  DeleteObjects: 0.926400 ms)

========================================================================
Received Import Request.
  Time since last request: 880.347715 seconds.
  path: Assets/Scripts/Hand.cs
  artifactKey: Guid(97b84052bae3efa4f856e7949350dc89) Importer(815301076,1909f56bfc062723c751e8b465ee728b)
Start importing Assets/Scripts/Hand.cs using Guid(97b84052bae3efa4f856e7949350dc89) Importer(815301076,1909f56bfc062723c751e8b465ee728b)  -> (artifact id: '652109b742a486d6019fdbf77478b1a9') in 0.040265 seconds 
========================================================================
Received Prepare
Registering precompiled user dll's ...
Registered in 0.002560 seconds.
Begin MonoManager ReloadAssembly
Native extension for WindowsStandalone target not found
Refreshing native plugins compatible for Editor in 0.66 ms, found 1 plugins.
Preloading 0 native plugins for Editor in 0.00 ms.
Mono: successfully reloaded assembly
- Completed reload, in  0.766 seconds
Platform modules already initialized, skipping
Shader 'Universal Render Pipeline/Particles/Lit': fallback shader 'Universal Render Pipeline/Particles/SimpleLit' not found
Shader 'Universal Render Pipeline/Particles/Lit': fallback shader 'Universal Render Pipeline/Particles/SimpleLit' not found
Refreshing native plugins compatible for Editor in 0.62 ms, found 1 plugins.
Preloading 0 native plugins for Editor in 0.00 ms.
Unloading 3943 Unused Serialized files (Serialized files now loaded: 0)
System memory in use before: 155.3 MB.
System memory in use after: 152.7 MB.

Unloading 45 unused Assets to reduce memory usage. Loaded Objects now: 4441.
Total: 3.948000 ms (FindLiveObjects: 0.389100 ms CreateObjectMapping: 0.376700 ms MarkObjects: 2.258000 ms  DeleteObjects: 0.922900 ms)

========================================================================
Received Prepare
Registering precompiled user dll's ...
Registered in 0.002806 seconds.
Begin MonoManager ReloadAssembly
Native extension for WindowsStandalone target not found
Refreshing native plugins compatible for Editor in 0.69 ms, found 1 plugins.
Preloading 0 native plugins for Editor in 0.00 ms.
Mono: successfully reloaded assembly
- Completed reload, in  0.824 seconds
Platform modules already initialized, skipping
Shader 'Universal Render Pipeline/Particles/Lit': fallback shader 'Universal Render Pipeline/Particles/SimpleLit' not found
Shader 'Universal Render Pipeline/Particles/Lit': fallback shader 'Universal Render Pipeline/Particles/SimpleLit' not found
Refreshing native plugins compatible for Editor in 0.60 ms, found 1 plugins.
Preloading 0 native plugins for Editor in 0.00 ms.
Unloading 3943 Unused Serialized files (Serialized files now loaded: 0)
System memory in use before: 155.4 MB.
System memory in use after: 152.7 MB.

Unloading 45 unused Assets to reduce memory usage. Loaded Objects now: 4444.
Total: 3.337500 ms (FindLiveObjects: 0.344800 ms CreateObjectMapping: 0.317700 ms MarkObjects: 1.742000 ms  DeleteObjects: 0.931900 ms)

========================================================================
Received Import Request.
  Time since last request: 264.480066 seconds.
  path: Assets/Scripts/Hand.cs
  artifactKey: Guid(97b84052bae3efa4f856e7949350dc89) Importer(815301076,1909f56bfc062723c751e8b465ee728b)
Start importing Assets/Scripts/Hand.cs using Guid(97b84052bae3efa4f856e7949350dc89) Importer(815301076,1909f56bfc062723c751e8b465ee728b)  -> (artifact id: '99df14194553079d4de0cb3ff35dfcf2') in 0.005433 seconds 
========================================================================
Received Import Request.
  Time since last request: 114.931521 seconds.
  path: Assets/Scripts/Enums.cs
  artifactKey: Guid(9b4a1bd510ccb824ba1e4dc2b8ceb637) Importer(815301076,1909f56bfc062723c751e8b465ee728b)
Start importing Assets/Scripts/Enums.cs using Guid(9b4a1bd510ccb824ba1e4dc2b8ceb637) Importer(815301076,1909f56bfc062723c751e8b465ee728b)  -> (artifact id: '397cc6462363acd4dc05e06ec00602eb') in 0.007723 seconds 
========================================================================
Received Import Request.
  Time since last request: 308.692037 seconds.
  path: Assets/Scripts/Enums.cs
  artifactKey: Guid(9b4a1bd510ccb824ba1e4dc2b8ceb637) Importer(815301076,1909f56bfc062723c751e8b465ee728b)
Start importing Assets/Scripts/Enums.cs using Guid(9b4a1bd510ccb824ba1e4dc2b8ceb637) Importer(815301076,1909f56bfc062723c751e8b465ee728b)  -> (artifact id: 'a4b46c997cb7666997fcb3cdbb02e419') in 0.005033 seconds 
========================================================================
Received Prepare
Registering precompiled user dll's ...
Registered in 0.002984 seconds.
Begin MonoManager ReloadAssembly
Native extension for WindowsStandalone target not found
Refreshing native plugins compatible for Editor in 0.64 ms, found 1 plugins.
Preloading 0 native plugins for Editor in 0.00 ms.
Mono: successfully reloaded assembly
- Completed reload, in  0.821 seconds
Platform modules already initialized, skipping
Shader 'Universal Render Pipeline/Particles/Lit': fallback shader 'Universal Render Pipeline/Particles/SimpleLit' not found
Shader 'Universal Render Pipeline/Particles/Lit': fallback shader 'Universal Render Pipeline/Particles/SimpleLit' not found
Refreshing native plugins compatible for Editor in 0.60 ms, found 1 plugins.
Preloading 0 native plugins for Editor in 0.00 ms.
Unloading 3944 Unused Serialized files (Serialized files now loaded: 0)
System memory in use before: 155.4 MB.
System memory in use after: 152.7 MB.

Unloading 45 unused Assets to reduce memory usage. Loaded Objects now: 4448.
Total: 3.247200 ms (FindLiveObjects: 0.257400 ms CreateObjectMapping: 0.184300 ms MarkObjects: 1.887500 ms  DeleteObjects: 0.917000 ms)

AssetImportWorkerClient::OnTransportError - code=2 error=End of file
